\BOOKMARK [0][-]{chapter.1}{\376\377\000G\000e\000t\000t\000i\000n\000g\000\040\000s\000t\000a\000r\000t\000e\000d}{}% 1
\BOOKMARK [1][-]{section.1.1}{\376\377\000K\000i\000l\000e\000:\000\040\000r\000e\000p\000l\000a\000c\000i\000n\000g\000\040\000B\000i\000b\000T\000e\000X\000\040\000w\000i\000t\000h\000\040\000B\000i\000b\000u\000l\000o\000u\000s}{chapter.1}% 2
\BOOKMARK [1][-]{section.1.2}{\376\377\000M\000o\000d\000i\000f\000y\000i\000n\000g\000\040\000W\000i\000n\000E\000d\000t\0005\000\040\000t\000o\000\040\000r\000e\000p\000l\000a\000c\000e\000\040\000B\000i\000b\000T\000e\000X\000\040\000w\000i\000t\000h\000\040\000B\000i\000b\000u\000l\000o\000u\000s}{chapter.1}% 3
\BOOKMARK [1][-]{section.1.3}{\376\377\000M\000o\000d\000i\000f\000y\000i\000n\000g\000\040\000T\000e\000x\000m\000a\000k\000e\000r\000\040\000t\000o\000\040\000r\000e\000p\000l\000a\000c\000e\000\040\000B\000i\000b\000T\000e\000X\000\040\000w\000i\000t\000h\000\040\000B\000i\000b\000u\000l\000o\000u\000s}{chapter.1}% 4
\BOOKMARK [1][-]{section.1.4}{\376\377\000M\000o\000d\000i\000f\000y\000i\000n\000g\000\040\000T\000e\000X\000S\000t\000u\000d\000i\000o\000\040\000t\000o\000\040\000r\000e\000p\000l\000a\000c\000e\000\040\000B\000i\000b\000T\000e\000X\000\040\000w\000i\000t\000h\000\040\000B\000i\000b\000u\000l\000o\000u\000s}{chapter.1}% 5
\BOOKMARK [1][-]{section.1.5}{\376\377\000M\000o\000d\000i\000f\000y\000i\000n\000g\000\040\000T\000e\000X\000w\000o\000r\000k\000s\000\040\000t\000o\000\040\000r\000e\000p\000l\000a\000c\000e\000\040\000B\000i\000b\000T\000e\000X\000\040\000w\000i\000t\000h\000\040\000B\000i\000b\000u\000l\000o\000u\000s}{chapter.1}% 6
\BOOKMARK [1][-]{section.1.6}{\376\377\000M\000o\000d\000i\000f\000y\000i\000n\000g\000\040\000L\000y\000X\000\040\000t\000o\000\040\000r\000e\000p\000l\000a\000c\000e\000\040\000B\000i\000b\000T\000e\000X\000\040\000w\000i\000t\000h\000\040\000B\000i\000b\000u\000l\000o\000u\000s}{chapter.1}% 7
\BOOKMARK [0][-]{chapter.2}{\376\377\000F\000r\000e\000q\000u\000e\000n\000t\000l\000y\000\040\000a\000s\000k\000e\000d\000\040\000q\000u\000e\000s\000t\000i\000o\000n\000s}{}% 8
\BOOKMARK [1][-]{section.2.1}{\376\377\0001\000.\000\040\000W\000h\000a\000t\000\040\000i\000s\000\040\000t\000h\000e\000\040\000d\000i\000f\000f\000e\000r\000e\000n\000c\000e\000\040\000b\000e\000t\000w\000e\000e\000n\000\040\000u\000s\000i\000n\000g\000\040\000B\000i\000b\000u\000l\000o\000u\000s\000\040\000a\000n\000d\000\040\000u\000s\000i\000n\000g\000\040\000B\000i\000b\000L\000a\000t\000e\000x\000+\000B\000i\000b\000e\000r\000?}{chapter.2}% 9
\BOOKMARK [0][-]{chapter.3}{\376\377\000G\000u\000i\000d\000e\000l\000i\000n\000e\000s\000\040\000f\000o\000r\000\040\000w\000r\000i\000t\000i\000n\000g\000\040\000b\000i\000b\000l\000i\000o\000g\000r\000a\000p\000h\000y\000\040\000s\000t\000y\000l\000e\000\040\000t\000e\000m\000p\000l\000a\000t\000e\000s}{}% 10
\BOOKMARK [1][-]{section.3.1}{\376\377\000S\000y\000n\000t\000a\000x}{chapter.3}% 11
\BOOKMARK [1][-]{section.3.2}{\376\377\000D\000e\000f\000a\000u\000l\000t\000\040\000F\000i\000e\000l\000d\000s}{chapter.3}% 12
\BOOKMARK [1][-]{section.3.3}{\376\377\000O\000p\000t\000i\000o\000n\000s\000\040\000k\000e\000y\000w\000o\000r\000d\000s}{chapter.3}% 13
\BOOKMARK [1][-]{section.3.4}{\376\377\000I\000m\000p\000l\000i\000c\000i\000t\000\040\000l\000o\000o\000p\000s\000\040\000a\000n\000d\000\040\000e\000x\000a\000m\000p\000l\000e\000s\000\040\000f\000o\000r\000\040\000n\000a\000m\000e\000l\000i\000s\000t\000\040\000f\000o\000r\000m\000a\000t\000t\000i\000n\000g}{chapter.3}% 14
\BOOKMARK [1][-]{section.3.5}{\376\377\000P\000y\000t\000h\000o\000n\000\040\000A\000P\000I}{chapter.3}% 15
\BOOKMARK [0][-]{chapter.4}{\376\377\000I\000n\000s\000t\000r\000u\000c\000t\000i\000o\000n\000s\000\040\000o\000n\000\040\000h\000o\000w\000\040\000t\000o\000\040\000r\000e\000p\000o\000r\000t\000\040\000a\000\040\000b\000u\000g\000\040\000t\000o\000\040\000t\000h\000e\000\040\000B\000i\000b\000u\000l\000o\000u\000s\000\040\000d\000e\000v\000e\000l\000o\000p\000m\000e\000n\000t\000\040\000t\000e\000a\000m}{}% 16
\BOOKMARK [1][-]{section.4.1}{\376\377\000W\000h\000e\000r\000e\000\040\000t\000o\000\040\000r\000e\000p\000o\000r\000t\000\040\000a\000\040\000b\000u\000g}{chapter.4}% 17
\BOOKMARK [1][-]{section.4.2}{\376\377\000H\000o\000w\000\040\000t\000o\000\040\000r\000e\000p\000o\000r\000t\000\040\000a\000\040\000b\000u\000g}{chapter.4}% 18
\BOOKMARK [0][-]{chapter.5}{\376\377\000D\000e\000v\000e\000l\000o\000p\000e\000r\000\040\000g\000u\000i\000d\000e}{}% 19
\BOOKMARK [1][-]{section.5.1}{\376\377\000G\000u\000i\000d\000e\000l\000i\000n\000e\000s\000\040\000a\000n\000d\000\040\000n\000o\000t\000e\000s\000\040\000f\000o\000r\000\040\000P\000y\000t\000h\000o\000n\000\040\000c\000o\000d\000i\000n\000g\000\040\000s\000t\000y\000l\000e}{chapter.5}% 20
\BOOKMARK [1][-]{section.5.2}{\376\377\000O\000v\000e\000r\000a\000l\000l\000\040\000p\000r\000o\000j\000e\000c\000t\000\040\000s\000t\000r\000a\000t\000e\000g\000y\000\040\000a\000n\000d\000\040\000c\000o\000d\000e\000\040\000s\000t\000r\000u\000c\000t\000u\000r\000e}{chapter.5}% 21
\BOOKMARK [1][-]{section.5.3}{\376\377\000P\000a\000r\000s\000i\000n\000g\000\040\000B\000I\000B\000\040\000f\000i\000l\000e\000s}{chapter.5}% 22
\BOOKMARK [1][-]{section.5.4}{\376\377\000P\000a\000r\000s\000i\000n\000g\000\040\000A\000U\000X\000\040\000f\000i\000l\000e\000s}{chapter.5}% 23
\BOOKMARK [1][-]{section.5.5}{\376\377\000P\000a\000r\000s\000i\000n\000g\000\040\000B\000S\000T\000\040\000f\000i\000l\000e\000s}{chapter.5}% 24
\BOOKMARK [1][-]{section.5.6}{\376\377\000W\000r\000i\000t\000i\000n\000g\000\040\000t\000h\000e\000\040\000B\000B\000L\000\040\000f\000i\000l\000e}{chapter.5}% 25
\BOOKMARK [1][-]{section.5.7}{\376\377\000N\000a\000m\000e\000\040\000f\000o\000r\000m\000a\000t\000t\000i\000n\000g}{chapter.5}% 26
\BOOKMARK [1][-]{section.5.8}{\376\377\000G\000e\000n\000e\000r\000a\000t\000i\000n\000g\000\040\000s\000o\000r\000t\000k\000e\000y\000s}{chapter.5}% 27
\BOOKMARK [1][-]{section.5.9}{\376\377\000T\000e\000s\000t\000i\000n\000g}{chapter.5}% 28
\BOOKMARK [1][-]{section.5.10}{\376\377\000G\000e\000n\000e\000r\000a\000t\000i\000n\000g\000\040\000t\000h\000e\000\040\000d\000o\000c\000u\000m\000e\000n\000t\000a\000t\000i\000o\000n}{chapter.5}% 29
\BOOKMARK [1][-]{section.5.11}{\376\377\000U\000p\000d\000a\000t\000i\000n\000g\000\040\000t\000h\000e\000\040\000P\000y\000P\000I\000\040\000p\000a\000c\000k\000a\000g\000e}{chapter.5}% 30
\BOOKMARK [1][-]{section.5.12}{\376\377\000M\000i\000s\000c\000e\000l\000l\000a\000n\000e\000o\000u\000s\000\040\000n\000o\000t\000e\000s}{chapter.5}% 31
\BOOKMARK [0][-]{chapter.6}{\376\377\000E\000x\000a\000m\000p\000l\000e\000s}{}% 32
\BOOKMARK [1][-]{section.6.1}{\376\377\000E\000x\000a\000m\000p\000l\000e\000\040\0001}{chapter.6}% 33
\BOOKMARK [1][-]{section.6.2}{\376\377\000E\000x\000a\000m\000p\000l\000e\000\040\0002}{chapter.6}% 34
\BOOKMARK [1][-]{section.6.3}{\376\377\000E\000x\000a\000m\000p\000l\000e\000\040\0003}{chapter.6}% 35
\BOOKMARK [1][-]{section.6.4}{\376\377\000E\000x\000a\000m\000p\000l\000e\000\040\0004}{chapter.6}% 36
\BOOKMARK [1][-]{section.6.5}{\376\377\000E\000x\000a\000m\000p\000l\000e\000\040\0005}{chapter.6}% 37
\BOOKMARK [1][-]{section.6.6}{\376\377\000E\000x\000a\000m\000p\000l\000e\000\040\0006}{chapter.6}% 38
\BOOKMARK [1][-]{section.6.7}{\376\377\000E\000x\000a\000m\000p\000l\000e\000\040\0007}{chapter.6}% 39
\BOOKMARK [1][-]{section.6.8}{\376\377\000E\000x\000a\000m\000p\000l\000e\000\040\0008}{chapter.6}% 40
\BOOKMARK [1][-]{section.6.9}{\376\377\000E\000x\000a\000m\000p\000l\000e\000\040\0009}{chapter.6}% 41
\BOOKMARK [1][-]{section.6.10}{\376\377\000E\000x\000a\000m\000p\000l\000e\000\040\0001\0000}{chapter.6}% 42
\BOOKMARK [1][-]{section.6.11}{\376\377\000E\000x\000a\000m\000p\000l\000e\000\040\0001\0001}{chapter.6}% 43
\BOOKMARK [0][-]{chapter.7}{\376\377\000B\000i\000b\000u\000l\000o\000u\000s\000\040\000O\000v\000e\000r\000v\000i\000e\000w}{}% 44
\BOOKMARK [1][-]{section.7.1}{\376\377\000I\000n\000s\000t\000a\000l\000l\000a\000t\000i\000o\000n}{chapter.7}% 45
\BOOKMARK [1][-]{section.7.2}{\376\377\000E\000x\000a\000m\000p\000l\000e}{chapter.7}% 46
\BOOKMARK [1][-]{section.7.3}{\376\377\000D\000e\000v\000e\000l\000o\000p\000e\000r\000s}{chapter.7}% 47
\BOOKMARK [1][-]{section.7.4}{\376\377\000C\000o\000n\000t\000a\000c\000t}{chapter.7}% 48
\BOOKMARK [1][-]{section.7.5}{\376\377\000L\000i\000c\000e\000n\000s\000e}{chapter.7}% 49
\BOOKMARK [1][-]{section.7.6}{\376\377\000I\000n\000d\000i\000c\000e\000s\000\040\000a\000n\000d\000\040\000t\000a\000b\000l\000e\000s}{chapter.7}% 50
