\BOOKMARK [0][-]{chapter.1}{Getting started}{}% 1
\BOOKMARK [1][-]{section.1.1}{Kile: replacing BibTeX with Bibulous}{chapter.1}% 2
\BOOKMARK [1][-]{section.1.2}{Modifying WinEdt5 to replace BibTeX with Bibulous}{chapter.1}% 3
\BOOKMARK [0][-]{chapter.2}{Guidelines for writing bibliography style templates}{}% 4
\BOOKMARK [1][-]{section.2.1}{Syntax}{chapter.2}% 5
\BOOKMARK [1][-]{section.2.2}{Default Fields}{chapter.2}% 6
\BOOKMARK [1][-]{section.2.3}{Options keywords}{chapter.2}% 7
\BOOKMARK [1][-]{section.2.4}{Examples for namelist formatting}{chapter.2}% 8
\BOOKMARK [1][-]{section.2.5}{Python API}{chapter.2}% 9
\BOOKMARK [0][-]{chapter.3}{Instructions on how to report a bug to the Bibulous development team}{}% 10
\BOOKMARK [1][-]{section.3.1}{Where to report a bug}{chapter.3}% 11
\BOOKMARK [1][-]{section.3.2}{How to report a bug}{chapter.3}% 12
\BOOKMARK [0][-]{chapter.4}{Developer guide}{}% 13
\BOOKMARK [1][-]{section.4.1}{Guidelines and notes for Python coding style}{chapter.4}% 14
\BOOKMARK [1][-]{section.4.2}{Overall project strategy and code structure}{chapter.4}% 15
\BOOKMARK [1][-]{section.4.3}{Parsing BIB files}{chapter.4}% 16
\BOOKMARK [1][-]{section.4.4}{Parsing AUX files}{chapter.4}% 17
\BOOKMARK [1][-]{section.4.5}{Parsing BST files}{chapter.4}% 18
\BOOKMARK [1][-]{section.4.6}{Writing the BBL file}{chapter.4}% 19
\BOOKMARK [1][-]{section.4.7}{Name formatting}{chapter.4}% 20
\BOOKMARK [1][-]{section.4.8}{Generating sortkeys}{chapter.4}% 21
\BOOKMARK [1][-]{section.4.9}{Testing}{chapter.4}% 22
\BOOKMARK [1][-]{section.4.10}{Generating the documentation}{chapter.4}% 23
\BOOKMARK [0][-]{chapter.5}{Examples}{}% 24
\BOOKMARK [1][-]{section.5.1}{Example 1}{chapter.5}% 25
\BOOKMARK [1][-]{section.5.2}{Example 2}{chapter.5}% 26
\BOOKMARK [0][-]{chapter.6}{Bibulous Overview}{}% 27
\BOOKMARK [1][-]{section.6.1}{Installation}{chapter.6}% 28
\BOOKMARK [1][-]{section.6.2}{Example}{chapter.6}% 29
\BOOKMARK [1][-]{section.6.3}{Developers}{chapter.6}% 30
\BOOKMARK [1][-]{section.6.4}{License}{chapter.6}% 31
\BOOKMARK [1][-]{section.6.5}{Indices and tables}{chapter.6}% 32
